<?xml version="1.0" encoding="UTF-8"?>
<!-- Generated by org.testng.reporters.JUnitReportReporter -->
<testsuite skipped="0" hostname="DESKTOP-N74F5VP" name="TestHello" tests="1" failures="0" timestamp="2020-05-20T06:23:41 PDT" time="0.009" errors="0">
  <testcase name="testMethod" time="0.009" classname="TestHello"/>
  <system-out/>
</testsuite> <!-- TestHello -->
